#
# There is insufficient memory for the Java Runtime Environment to continue.
# Native memory allocation (malloc) failed to allocate 688528 bytes for Chunk::new
# Possible reasons:
#   The system is out of physical RAM or swap space
#   The process is running with CompressedOops enabled, and the Java Heap may be blocking the growth of the native heap
# Possible solutions:
#   Reduce memory load on the system
#   Increase physical memory or swap space
#   Check if swap backing store is full
#   Decrease Java heap size (-Xmx/-Xms)
#   Decrease number of Java threads
#   Decrease Java thread stack sizes (-Xss)
#   Set larger code cache with -XX:ReservedCodeCacheSize=
#   JVM is running with Unscaled Compressed Oops mode in which the Java heap is
#     placed in the first 4GB address space. The Java Heap base address is the
#     maximum limit for the native heap growth. Please use -XX:HeapBaseMinAddress
#     to set the Java Heap base and to place the Java Heap above 4GB virtual address.
# This output file may be truncated or incomplete.
#
#  Out of Memory Error (arena.cpp:195), pid=11480, tid=12544
#
# JRE version: OpenJDK Runtime Environment (16.0.1+9) (build 16.0.1+9-24)
# Java VM: OpenJDK 64-Bit Server VM (16.0.1+9-24, mixed mode, tiered, compressed oops, compressed class ptrs, g1 gc, windows-amd64)
# No core dump will be written. Minidumps are not enabled by default on client versions of Windows
#

---------------  S U M M A R Y ------------

Command Line: -ea -Dfile.encoding=Cp1252 -XX:+ShowCodeDetailsInExceptionMessages org.testng.remote.RemoteTestNG -serport 56561 -protocol json -d C:\eclipseTYSS\SELENIUM WORKSPACE\FlipKartAddToCart\test-output C:\Users\avula\AppData\Local\Temp\testng-eclipse-259037791\testng-customsuite.xml

Host: Intel(R) Celeron(R) CPU N3350 @ 1.10GHz, 2 cores, 3G,  Windows 10 , 64 bit Build 19041 (10.0.19041.1889)
Time: Sat Sep 17 17:50:54 2022 India Standard Time elapsed time: 56.592469 seconds (0d 0h 0m 56s)

---------------  T H R E A D  ---------------

Current thread (0x0000023e6e6e60c0):  JavaThread "C2 CompilerThread0" daemon [_thread_in_native, id=12544, stack(0x000000818ef00000,0x000000818f000000)]


Current CompileTask:
C2:  56592 3051   !   4       java.util.concurrent.ConcurrentHashMap::transfer (849 bytes)

Stack: [0x000000818ef00000,0x000000818f000000]
Native frames: (J=compiled Java code, j=interpreted, Vv=VM code, C=native code)
V  [jvm.dll+0x6687ca]
V  [jvm.dll+0x7ca3c9]
V  [jvm.dll+0x7cbb53]
V  [jvm.dll+0x7cc1b3]
V  [jvm.dll+0x242ea5]
V  [jvm.dll+0xadeca]
V  [jvm.dll+0xae5ac]
V  [jvm.dll+0x35af27]
V  [jvm.dll+0x3253d1]
V  [jvm.dll+0x32487a]
V  [jvm.dll+0x215f3c]
V  [jvm.dll+0x215350]
V  [jvm.dll+0x1a1d9b]
V  [jvm.dll+0x2253a8]
V  [jvm.dll+0x2233ec]
V  [jvm.dll+0x780002]
V  [jvm.dll+0x779b4a]
V  [jvm.dll+0x667666]
C  [ucrtbase.dll+0x21bb2]
C  [KERNEL32.DLL+0x17034]
C  [ntdll.dll+0x526a1]


---------------  P R O C E S S  ---------------

Threads class SMR info:
_java_thread_list=0x0000023e73613530, length=24, elements={
0x0000023e57cd03b0, 0x0000023e6e6ad260, 0x0000023e6e6af860, 0x0000023e6e6e1880,
0x0000023e6e6e31a0, 0x0000023e6e6e4ac0, 0x0000023e6e6e53d0, 0x0000023e6e6e60c0,
0x0000023e6e73abb0, 0x0000023e6f12af80, 0x0000023e6f2157f0, 0x0000023e6f221940,
0x0000023e6fa9c0f0, 0x0000023e7144b210, 0x0000023e710043d0, 0x0000023e710b60b0,
0x0000023e7147a890, 0x0000023e710b65d0, 0x0000023e711545f0, 0x0000023e711530b0,
0x0000023e71153600, 0x0000023e71153b50, 0x0000023e711540a0, 0x0000023e712c2580
}

Java Threads: ( => current thread )
  0x0000023e57cd03b0 JavaThread "main" [_thread_in_vm, id=11052, stack(0x000000818e200000,0x000000818e300000)]
  0x0000023e6e6ad260 JavaThread "Reference Handler" daemon [_thread_blocked, id=8332, stack(0x000000818e900000,0x000000818ea00000)]
  0x0000023e6e6af860 JavaThread "Finalizer" daemon [_thread_blocked, id=7432, stack(0x000000818ea00000,0x000000818eb00000)]
  0x0000023e6e6e1880 JavaThread "Signal Dispatcher" daemon [_thread_blocked, id=13532, stack(0x000000818eb00000,0x000000818ec00000)]
  0x0000023e6e6e31a0 JavaThread "Attach Listener" daemon [_thread_blocked, id=1164, stack(0x000000818ec00000,0x000000818ed00000)]
  0x0000023e6e6e4ac0 JavaThread "Service Thread" daemon [_thread_blocked, id=12608, stack(0x000000818ed00000,0x000000818ee00000)]
  0x0000023e6e6e53d0 JavaThread "Monitor Deflation Thread" daemon [_thread_blocked, id=2376, stack(0x000000818ee00000,0x000000818ef00000)]
=>0x0000023e6e6e60c0 JavaThread "C2 CompilerThread0" daemon [_thread_in_native, id=12544, stack(0x000000818ef00000,0x000000818f000000)]
  0x0000023e6e73abb0 JavaThread "C1 CompilerThread0" daemon [_thread_in_native, id=6336, stack(0x000000818f000000,0x000000818f100000)]
  0x0000023e6f12af80 JavaThread "Sweeper thread" daemon [_thread_blocked, id=12272, stack(0x000000818f100000,0x000000818f200000)]
  0x0000023e6f2157f0 JavaThread "Notification Thread" daemon [_thread_blocked, id=7280, stack(0x000000818f200000,0x000000818f300000)]
  0x0000023e6f221940 JavaThread "Common-Cleaner" daemon [_thread_blocked, id=4080, stack(0x000000818f400000,0x000000818f500000)]
  0x0000023e6fa9c0f0 JavaThread "ReaderThread" [_thread_in_native, id=15068, stack(0x000000818f700000,0x000000818f800000)]
  0x0000023e7144b210 JavaThread "ForkJoinPool.commonPool-worker-3" daemon [_thread_blocked, id=9068, stack(0x000000818f900000,0x000000818fa00000)]
  0x0000023e710043d0 JavaThread "AsyncHttpClient-1-1" daemon [_thread_blocked, id=8172, stack(0x000000818fa00000,0x000000818fb00000)]
  0x0000023e710b60b0 JavaThread "Exec Default Executor" daemon [_thread_in_native, id=11832, stack(0x000000818fb00000,0x000000818fc00000)]
  0x0000023e7147a890 JavaThread "Driver Service Executor" daemon [_thread_blocked, id=8928, stack(0x000000818fc00000,0x000000818fd00000)]
  0x0000023e710b65d0 JavaThread "Driver Service Executor" daemon [_thread_blocked, id=13788, stack(0x000000818fd00000,0x000000818fe00000)]
  0x0000023e711545f0 JavaThread "UrlChecker-2" daemon [_thread_blocked, id=14884, stack(0x000000818fe00000,0x000000818ff00000)]
  0x0000023e711530b0 JavaThread "Exec Stream Pumper" daemon [_thread_in_native, id=10564, stack(0x000000818ff00000,0x0000008190000000)]
  0x0000023e71153600 JavaThread "Exec Stream Pumper" daemon [_thread_in_native, id=1052, stack(0x0000008190000000,0x0000008190100000)]
  0x0000023e71153b50 JavaThread "AsyncHttpClient-1-2" daemon [_thread_in_native, id=14516, stack(0x0000008190200000,0x0000008190300000)]
  0x0000023e711540a0 JavaThread "AsyncHttpClient-1-3" daemon [_thread_in_native, id=12100, stack(0x0000008190100000,0x0000008190200000)]
  0x0000023e712c2580 JavaThread "AsyncHttpClient-1-4" daemon [_thread_in_native, id=14672, stack(0x0000008190300000,0x0000008190400000)]

Other Threads:
  0x0000023e6e698f70 VMThread "VM Thread" [stack: 0x000000818e800000,0x000000818e900000] [id=13536]
  0x0000023e6f215d10 WatcherThread [stack: 0x000000818f300000,0x000000818f400000] [id=3728]
  0x0000023e57cfa6d0 GCTaskThread "GC Thread#0" [stack: 0x000000818e300000,0x000000818e400000] [id=14988]
  0x0000023e6f6537c0 GCTaskThread "GC Thread#1" [stack: 0x000000818f500000,0x000000818f600000] [id=10712]
  0x0000023e57d032d0 ConcurrentGCThread "G1 Main Marker" [stack: 0x000000818e400000,0x000000818e500000] [id=13772]
  0x0000023e57d05630 ConcurrentGCThread "G1 Conc#0" [stack: 0x000000818e500000,0x000000818e600000] [id=14936]
  0x0000023e57d3aea0 ConcurrentGCThread "G1 Refine#0" [stack: 0x000000818e600000,0x000000818e700000] [id=14436]
  0x0000023e711e8d20 ConcurrentGCThread "G1 Refine#1" [stack: 0x000000818f800000,0x000000818f900000] [id=12032]
  0x0000023e57d3d0d0 ConcurrentGCThread "G1 Service" [stack: 0x000000818e700000,0x000000818e800000] [id=12784]

Threads with active compile tasks:
C2 CompilerThread0    56649 3051   !   4       java.util.concurrent.ConcurrentHashMap::transfer (849 bytes)
C1 CompilerThread0    56649 3056       3       jdk.internal.org.objectweb.asm.Frame::execute (2305 bytes)

VM state: not at safepoint (normal execution)

VM Mutex/Monitor currently owned by a thread: None

Heap address: 0x00000000c2200000, size: 990 MB, Compressed Oops mode: 32-bit

CDS disabled.
Compressed class space mapped at: 0x0000000100000000-0x0000000140000000, reserved size: 1073741824
Narrow klass base: 0x0000000000000000, Narrow klass shift: 3, Narrow klass range: 0x140000000

GC Precious Log:
 CPUs: 2 total, 2 available
 Memory: 3959M
 Large Page Support: Disabled
 NUMA Support: Disabled
 Compressed Oops: Enabled (32-bit)
 Heap Region Size: 1M
 Heap Min Capacity: 8M
 Heap Initial Capacity: 62M
 Heap Max Capacity: 990M
 Pre-touch: Disabled
 Parallel Workers: 2
 Concurrent Workers: 1
 Concurrent Refinement Workers: 2
 Periodic GC: Disabled

Heap:
 garbage-first heap   total 65536K, used 46339K [0x00000000c2200000, 0x0000000100000000)
  region size 1024K, 29 young (29696K), 5 survivors (5120K)
 Metaspace       used 40547K, committed 40832K, reserved 1089536K
  class space    used 4641K, committed 4800K, reserved 1048576K

Heap Regions: E=young(eden), S=young(survivor), O=old, HS=humongous(starts), HC=humongous(continues), CS=collection set, F=free, OA=open archive, CA=closed archive, TAMS=top-at-mark-start (previous, next)
|   0|0x00000000c2200000, 0x00000000c2300000, 0x00000000c2300000|100%| O|  |TAMS 0x00000000c2300000, 0x00000000c2200000| Untracked 
|   1|0x00000000c2300000, 0x00000000c2400000, 0x00000000c2400000|100%| O|  |TAMS 0x00000000c2400000, 0x00000000c2300000| Untracked 
|   2|0x00000000c2400000, 0x00000000c2500000, 0x00000000c2500000|100%| O|  |TAMS 0x00000000c2500000, 0x00000000c2400000| Untracked 
|   3|0x00000000c2500000, 0x00000000c2600000, 0x00000000c2600000|100%| O|  |TAMS 0x00000000c2600000, 0x00000000c2500000| Untracked 
|   4|0x00000000c2600000, 0x00000000c2700000, 0x00000000c2700000|100%| O|  |TAMS 0x00000000c2700000, 0x00000000c2600000| Untracked 
|   5|0x00000000c2700000, 0x00000000c27eca00, 0x00000000c2800000| 92%| O|  |TAMS 0x00000000c27eca00, 0x00000000c2700000| Untracked 
|   6|0x00000000c2800000, 0x00000000c2900000, 0x00000000c2900000|100%| O|  |TAMS 0x00000000c2900000, 0x00000000c2800000| Untracked 
|   7|0x00000000c2900000, 0x00000000c2a00000, 0x00000000c2a00000|100%| O|  |TAMS 0x00000000c2a00000, 0x00000000c2900000| Untracked 
|   8|0x00000000c2a00000, 0x00000000c2b00000, 0x00000000c2b00000|100%| O|  |TAMS 0x00000000c2b00000, 0x00000000c2a00000| Untracked 
|   9|0x00000000c2b00000, 0x00000000c2c00000, 0x00000000c2c00000|100%| O|  |TAMS 0x00000000c2c00000, 0x00000000c2b00000| Untracked 
|  10|0x00000000c2c00000, 0x00000000c2c54200, 0x00000000c2d00000| 32%| O|  |TAMS 0x00000000c2c54200, 0x00000000c2c00000| Untracked 
|  11|0x00000000c2d00000, 0x00000000c2e00000, 0x00000000c2e00000|100%|HS|  |TAMS 0x00000000c2d00000, 0x00000000c2d00000| Complete 
|  12|0x00000000c2e00000, 0x00000000c2f00000, 0x00000000c2f00000|100%|HC|  |TAMS 0x00000000c2e00000, 0x00000000c2e00000| Complete 
|  13|0x00000000c2f00000, 0x00000000c3000000, 0x00000000c3000000|100%|HC|  |TAMS 0x00000000c2f00000, 0x00000000c2f00000| Complete 
|  14|0x00000000c3000000, 0x00000000c3100000, 0x00000000c3100000|100%|HC|  |TAMS 0x00000000c3000000, 0x00000000c3000000| Complete 
|  15|0x00000000c3100000, 0x00000000c3200000, 0x00000000c3200000|100%|HC|  |TAMS 0x00000000c3100000, 0x00000000c3100000| Complete 
|  16|0x00000000c3200000, 0x00000000c3200000, 0x00000000c3300000|  0%| F|  |TAMS 0x00000000c3200000, 0x00000000c3200000| Untracked 
|  17|0x00000000c3300000, 0x00000000c3300000, 0x00000000c3400000|  0%| F|  |TAMS 0x00000000c3300000, 0x00000000c3300000| Untracked 
|  18|0x00000000c3400000, 0x00000000c3400000, 0x00000000c3500000|  0%| F|  |TAMS 0x00000000c3400000, 0x00000000c3400000| Untracked 
|  19|0x00000000c3500000, 0x00000000c3500000, 0x00000000c3600000|  0%| F|  |TAMS 0x00000000c3500000, 0x00000000c3500000| Untracked 
|  20|0x00000000c3600000, 0x00000000c3600000, 0x00000000c3700000|  0%| F|  |TAMS 0x00000000c3600000, 0x00000000c3600000| Untracked 
|  21|0x00000000c3700000, 0x00000000c3700000, 0x00000000c3800000|  0%| F|  |TAMS 0x00000000c3700000, 0x00000000c3700000| Untracked 
|  22|0x00000000c3800000, 0x00000000c3800000, 0x00000000c3900000|  0%| F|  |TAMS 0x00000000c3800000, 0x00000000c3800000| Untracked 
|  23|0x00000000c3900000, 0x00000000c3900000, 0x00000000c3a00000|  0%| F|  |TAMS 0x00000000c3900000, 0x00000000c3900000| Untracked 
|  24|0x00000000c3a00000, 0x00000000c3a00000, 0x00000000c3b00000|  0%| F|  |TAMS 0x00000000c3a00000, 0x00000000c3a00000| Untracked 
|  25|0x00000000c3b00000, 0x00000000c3b00000, 0x00000000c3c00000|  0%| F|  |TAMS 0x00000000c3b00000, 0x00000000c3b00000| Untracked 
|  26|0x00000000c3c00000, 0x00000000c3c00000, 0x00000000c3d00000|  0%| F|  |TAMS 0x00000000c3c00000, 0x00000000c3c00000| Untracked 
|  27|0x00000000c3d00000, 0x00000000c3d00000, 0x00000000c3e00000|  0%| F|  |TAMS 0x00000000c3d00000, 0x00000000c3d00000| Untracked 
|  28|0x00000000c3e00000, 0x00000000c3e00000, 0x00000000c3f00000|  0%| F|  |TAMS 0x00000000c3e00000, 0x00000000c3e00000| Untracked 
|  29|0x00000000c3f00000, 0x00000000c3f00000, 0x00000000c4000000|  0%| F|  |TAMS 0x00000000c3f00000, 0x00000000c3f00000| Untracked 
|  30|0x00000000c4000000, 0x00000000c4000000, 0x00000000c4100000|  0%| F|  |TAMS 0x00000000c4000000, 0x00000000c4000000| Untracked 
|  31|0x00000000c4100000, 0x00000000c4100000, 0x00000000c4200000|  0%| F|  |TAMS 0x00000000c4100000, 0x00000000c4100000| Untracked 
|  32|0x00000000c4200000, 0x00000000c4200000, 0x00000000c4300000|  0%| F|  |TAMS 0x00000000c4200000, 0x00000000c4200000| Untracked 
|  33|0x00000000c4300000, 0x00000000c4400000, 0x00000000c4400000|100%| E|  |TAMS 0x00000000c4300000, 0x00000000c4300000| Complete 
|  34|0x00000000c4400000, 0x00000000c4500000, 0x00000000c4500000|100%| E|CS|TAMS 0x00000000c4400000, 0x00000000c4400000| Complete 
|  35|0x00000000c4500000, 0x00000000c4600000, 0x00000000c4600000|100%| E|CS|TAMS 0x00000000c4500000, 0x00000000c4500000| Complete 
|  36|0x00000000c4600000, 0x00000000c4700000, 0x00000000c4700000|100%| E|CS|TAMS 0x00000000c4600000, 0x00000000c4600000| Complete 
|  37|0x00000000c4700000, 0x00000000c4800000, 0x00000000c4800000|100%| E|CS|TAMS 0x00000000c4700000, 0x00000000c4700000| Complete 
|  38|0x00000000c4800000, 0x00000000c4900000, 0x00000000c4900000|100%| E|CS|TAMS 0x00000000c4800000, 0x00000000c4800000| Complete 
|  39|0x00000000c4900000, 0x00000000c4a00000, 0x00000000c4a00000|100%| E|CS|TAMS 0x00000000c4900000, 0x00000000c4900000| Complete 
|  40|0x00000000c4a00000, 0x00000000c4b00000, 0x00000000c4b00000|100%| E|CS|TAMS 0x00000000c4a00000, 0x00000000c4a00000| Complete 
|  41|0x00000000c4b00000, 0x00000000c4c00000, 0x00000000c4c00000|100%| E|CS|TAMS 0x00000000c4b00000, 0x00000000c4b00000| Complete 
|  42|0x00000000c4c00000, 0x00000000c4d00000, 0x00000000c4d00000|100%| E|CS|TAMS 0x00000000c4c00000, 0x00000000c4c00000| Complete 
|  43|0x00000000c4d00000, 0x00000000c4e00000, 0x00000000c4e00000|100%| E|CS|TAMS 0x00000000c4d00000, 0x00000000c4d00000| Complete 
|  44|0x00000000c4e00000, 0x00000000c4f00000, 0x00000000c4f00000|100%| E|CS|TAMS 0x00000000c4e00000, 0x00000000c4e00000| Complete 
|  45|0x00000000c4f00000, 0x00000000c5000000, 0x00000000c5000000|100%| S|CS|TAMS 0x00000000c4f00000, 0x00000000c4f00000| Complete 
|  46|0x00000000c5000000, 0x00000000c5100000, 0x00000000c5100000|100%| S|CS|TAMS 0x00000000c5000000, 0x00000000c5000000| Complete 
|  47|0x00000000c5100000, 0x00000000c5200000, 0x00000000c5200000|100%| S|CS|TAMS 0x00000000c5100000, 0x00000000c5100000| Complete 
|  48|0x00000000c5200000, 0x00000000c5300000, 0x00000000c5300000|100%| S|CS|TAMS 0x00000000c5200000, 0x00000000c5200000| Complete 
|  49|0x00000000c5300000, 0x00000000c5400000, 0x00000000c5400000|100%| S|CS|TAMS 0x00000000c5300000, 0x00000000c5300000| Complete 
|  50|0x00000000c5400000, 0x00000000c5500000, 0x00000000c5500000|100%| E|CS|TAMS 0x00000000c5400000, 0x00000000c5400000| Complete 
|  51|0x00000000c5500000, 0x00000000c5600000, 0x00000000c5600000|100%| E|CS|TAMS 0x00000000c5500000, 0x00000000c5500000| Complete 
|  52|0x00000000c5600000, 0x00000000c5700000, 0x00000000c5700000|100%| E|CS|TAMS 0x00000000c5600000, 0x00000000c5600000| Complete 
|  53|0x00000000c5700000, 0x00000000c5800000, 0x00000000c5800000|100%| E|CS|TAMS 0x00000000c5700000, 0x00000000c5700000| Complete 
|  54|0x00000000c5800000, 0x00000000c5900000, 0x00000000c5900000|100%| E|CS|TAMS 0x00000000c5800000, 0x00000000c5800000| Complete 
|  55|0x00000000c5900000, 0x00000000c5a00000, 0x00000000c5a00000|100%| E|CS|TAMS 0x00000000c5900000, 0x00000000c5900000| Complete 
|  56|0x00000000c5a00000, 0x00000000c5b00000, 0x00000000c5b00000|100%| E|CS|TAMS 0x00000000c5a00000, 0x00000000c5a00000| Complete 
|  57|0x00000000c5b00000, 0x00000000c5c00000, 0x00000000c5c00000|100%| E|CS|TAMS 0x00000000c5b00000, 0x00000000c5b00000| Complete 
|  58|0x00000000c5c00000, 0x00000000c5d00000, 0x00000000c5d00000|100%| E|CS|TAMS 0x00000000c5c00000, 0x00000000c5c00000| Complete 
|  59|0x00000000c5d00000, 0x00000000c5e00000, 0x00000000c5e00000|100%| E|CS|TAMS 0x00000000c5d00000, 0x00000000c5d00000| Complete 
|  60|0x00000000c5e00000, 0x00000000c5f00000, 0x00000000c5f00000|100%| E|CS|TAMS 0x00000000c5e00000, 0x00000000c5e00000| Complete 
|  76|0x00000000c6e00000, 0x00000000c6f00000, 0x00000000c6f00000|100%| E|CS|TAMS 0x00000000c6e00000, 0x00000000c6e00000| Complete 
| 988|0x00000000ffe00000, 0x00000000fff00000, 0x00000000fff00000|100%| O|  |TAMS 0x00000000fff00000, 0x00000000ffe00000| Untracked 
| 989|0x00000000fff00000, 0x0000000100000000, 0x0000000100000000|100%| O|  |TAMS 0x0000000100000000, 0x00000000fff00000| Untracked 

Card table byte_map: [0x0000023e57a90000,0x0000023e57c80000] _byte_map_base: 0x0000023e5747f000

Marking Bits (Prev, Next): (CMBitMap*) 0x0000023e57cfad40, (CMBitMap*) 0x0000023e57cfad80
 Prev Bits: [0x0000023e6a420000, 0x0000023e6b398000)
 Next Bits: [0x0000023e6b3a0000, 0x0000023e6c318000)

Polling page: 0x0000023e55c30000

Metaspace:

Usage:
  Non-class:     35.06 MB used.
      Class:      4.53 MB used.
       Both:     39.60 MB used.

Virtual space:
  Non-class space:       40.00 MB reserved,      35.19 MB ( 88%) committed,  5 nodes.
      Class space:        1.00 GB reserved,       4.69 MB ( <1%) committed,  1 nodes.
              Both:        1.04 GB reserved,      39.88 MB (  4%) committed. 

Chunk freelists:
   Non-Class:  801.00 KB
       Class:  3.36 MB
        Both:  4.14 MB

MaxMetaspaceSize: 17179869184.00 GB
CompressedClassSpaceSize: 1.00 GB
 - commit_granule_bytes: 65536.
 - commit_granule_words: 8192.
 - virtual_space_node_default_size: 1048576.
 - enlarge_chunks_in_place: 1.
 - new_chunks_are_fully_committed: 0.
 - uncommit_free_chunks: 1.
 - use_allocation_guard: 0.
 - handle_deallocations: 1.


Internal statistics:

num_allocs_failed_limit: 6.
num_arena_births: 246.
num_arena_deaths: 0.
num_vsnodes_births: 6.
num_vsnodes_deaths: 0.
num_space_committed: 638.
num_space_uncommitted: 0.
num_chunks_returned_to_freelist: 6.
num_chunks_taken_from_freelist: 1189.
num_chunk_merges: 3.
num_chunk_splits: 814.
num_chunks_enlarged: 636.
num_purges: 0.

CodeHeap 'non-profiled nmethods': size=120064Kb used=1401Kb max_used=1401Kb free=118662Kb
 bounds [0x0000023e62cf0000, 0x0000023e62f60000, 0x0000023e6a230000]
CodeHeap 'profiled nmethods': size=120000Kb used=6635Kb max_used=6635Kb free=113364Kb
 bounds [0x0000023e5b7c0000, 0x0000023e5be40000, 0x0000023e62cf0000]
CodeHeap 'non-nmethods': size=5696Kb used=1291Kb max_used=1341Kb free=4404Kb
 bounds [0x0000023e5b230000, 0x0000023e5b4a0000, 0x0000023e5b7c0000]
 total_blobs=3652 nmethods=3046 adapters=519
 compilation: enabled
              stopped_count=0, restarted_count=0
 full_count=0

Compilation events (20 events):
Event: 56.260 Thread 0x0000023e6e6e60c0 nmethod 3044 0x0000023e62e4e410 code [0x0000023e62e4e5a0, 0x0000023e62e4e638]
Event: 56.262 Thread 0x0000023e6e73abb0 3045       3       java.io.BufferedWriter::ensureOpen (18 bytes)
Event: 56.262 Thread 0x0000023e6e73abb0 nmethod 3045 0x0000023e5be34990 code [0x0000023e5be34b40, 0x0000023e5be34d48]
Event: 56.264 Thread 0x0000023e6e73abb0 3046       3       java.io.Writer::write (11 bytes)
Event: 56.264 Thread 0x0000023e6e73abb0 nmethod 3046 0x0000023e5be34e10 code [0x0000023e5be34fe0, 0x0000023e5be352a8]
Event: 56.297 Thread 0x0000023e6e73abb0 3047       3       jdk.internal.misc.Unsafe::getAndAddLong (27 bytes)
Event: 56.298 Thread 0x0000023e6e73abb0 nmethod 3047 0x0000023e5be35410 code [0x0000023e5be355c0, 0x0000023e5be35808]
Event: 56.400 Thread 0x0000023e6e73abb0 3048       3       java.lang.StringBuilder::<init> (6 bytes)
Event: 56.400 Thread 0x0000023e6e73abb0 nmethod 3048 0x0000023e5be35910 code [0x0000023e5be35ac0, 0x0000023e5be35c08]
Event: 56.401 Thread 0x0000023e6e73abb0 3049       3       java.lang.AbstractStringBuilder::<init> (63 bytes)
Event: 56.402 Thread 0x0000023e6e73abb0 nmethod 3049 0x0000023e5be35c90 code [0x0000023e5be35e80, 0x0000023e5be36418]
Event: 56.508 Thread 0x0000023e6e73abb0 3050       3       jdk.internal.org.objectweb.asm.MethodWriter::putFrame (549 bytes)
Event: 56.511 Thread 0x0000023e6e73abb0 nmethod 3050 0x0000023e5be36610 code [0x0000023e5be36a80, 0x0000023e5be385b8]
Event: 56.534 Thread 0x0000023e6e6e60c0 3051   !   4       java.util.concurrent.ConcurrentHashMap::transfer (849 bytes)
Event: 56.578 Thread 0x0000023e6e73abb0 3052       3       java.lang.PublicMethods$MethodList::getMostSpecific (63 bytes)
Event: 56.578 Thread 0x0000023e6e73abb0 nmethod 3052 0x0000023e5be39210 code [0x0000023e5be393e0, 0x0000023e5be396e8]
Event: 56.580 Thread 0x0000023e6e73abb0 3053       3       jdk.internal.reflect.ClassFileAssembler::emitConstantPoolMethodref (28 bytes)
Event: 56.581 Thread 0x0000023e6e73abb0 nmethod 3053 0x0000023e5be39890 code [0x0000023e5be39ac0, 0x0000023e5be3a148]
Event: 56.585 Thread 0x0000023e6e73abb0 3054       3       java.util.HashSet::<init> (40 bytes)
Event: 56.585 Thread 0x0000023e6e73abb0 nmethod 3054 0x0000023e5be3a510 code [0x0000023e5be3a740, 0x0000023e5be3ad28]

GC Heap History (16 events):
Event: 1.593 GC heap before
{Heap before GC invocations=0 (full 0):
 garbage-first heap   total 63488K, used 5120K [0x00000000c2200000, 0x0000000100000000)
  region size 1024K, 6 young (6144K), 0 survivors (0K)
 Metaspace       used 7418K, committed 7616K, reserved 1056768K
  class space    used 628K, committed 704K, reserved 1048576K
}
Event: 1.601 GC heap after
{Heap after GC invocations=1 (full 0):
 garbage-first heap   total 63488K, used 3370K [0x00000000c2200000, 0x0000000100000000)
  region size 1024K, 1 young (1024K), 1 survivors (1024K)
 Metaspace       used 7418K, committed 7616K, reserved 1056768K
  class space    used 628K, committed 704K, reserved 1048576K
}
Event: 1.626 GC heap before
{Heap before GC invocations=1 (full 0):
 garbage-first heap   total 63488K, used 6442K [0x00000000c2200000, 0x0000000100000000)
  region size 1024K, 5 young (5120K), 1 survivors (1024K)
 Metaspace       used 7429K, committed 7616K, reserved 1056768K
  class space    used 628K, committed 704K, reserved 1048576K
}
Event: 1.631 GC heap after
{Heap after GC invocations=2 (full 0):
 garbage-first heap   total 63488K, used 4696K [0x00000000c2200000, 0x0000000100000000)
  region size 1024K, 1 young (1024K), 1 survivors (1024K)
 Metaspace       used 7429K, committed 7616K, reserved 1056768K
  class space    used 628K, committed 704K, reserved 1048576K
}
Event: 2.401 GC heap before
{Heap before GC invocations=2 (full 0):
 garbage-first heap   total 63488K, used 11864K [0x00000000c2200000, 0x0000000100000000)
  region size 1024K, 9 young (9216K), 1 survivors (1024K)
 Metaspace       used 11587K, committed 11776K, reserved 1064960K
  class space    used 1075K, committed 1152K, reserved 1048576K
}
Event: 2.409 GC heap after
{Heap after GC invocations=3 (full 0):
 garbage-first heap   total 63488K, used 8114K [0x00000000c2200000, 0x0000000100000000)
  region size 1024K, 2 young (2048K), 2 survivors (2048K)
 Metaspace       used 11587K, committed 11776K, reserved 1064960K
  class space    used 1075K, committed 1152K, reserved 1048576K
}
Event: 5.380 GC heap before
{Heap before GC invocations=3 (full 0):
 garbage-first heap   total 63488K, used 41906K [0x00000000c2200000, 0x0000000100000000)
  region size 1024K, 36 young (36864K), 2 survivors (2048K)
 Metaspace       used 21065K, committed 21248K, reserved 1073152K
  class space    used 2139K, committed 2240K, reserved 1048576K
}
Event: 5.393 GC heap after
{Heap after GC invocations=4 (full 0):
 garbage-first heap   total 63488K, used 10364K [0x00000000c2200000, 0x0000000100000000)
  region size 1024K, 5 young (5120K), 5 survivors (5120K)
 Metaspace       used 21065K, committed 21248K, reserved 1073152K
  class space    used 2139K, committed 2240K, reserved 1048576K
}
Event: 5.553 GC heap before
{Heap before GC invocations=5 (full 0):
 garbage-first heap   total 40960K, used 40060K [0x00000000c2200000, 0x0000000100000000)
  region size 1024K, 34 young (34816K), 5 survivors (5120K)
 Metaspace       used 21076K, committed 21312K, reserved 1073152K
  class space    used 2139K, committed 2240K, reserved 1048576K
}
Event: 5.567 GC heap after
{Heap after GC invocations=6 (full 0):
 garbage-first heap   total 47104K, used 11318K [0x00000000c2200000, 0x0000000100000000)
  region size 1024K, 4 young (4096K), 4 survivors (4096K)
 Metaspace       used 21076K, committed 21312K, reserved 1073152K
  class space    used 2139K, committed 2240K, reserved 1048576K
}
Event: 6.496 GC heap before
{Heap before GC invocations=6 (full 0):
 garbage-first heap   total 47104K, used 31798K [0x00000000c2200000, 0x0000000100000000)
  region size 1024K, 24 young (24576K), 4 survivors (4096K)
 Metaspace       used 23790K, committed 24000K, reserved 1073152K
  class space    used 2486K, committed 2560K, reserved 1048576K
}
Event: 6.508 GC heap after
{Heap after GC invocations=7 (full 0):
 garbage-first heap   total 47104K, used 12188K [0x00000000c2200000, 0x0000000100000000)
  region size 1024K, 2 young (2048K), 2 survivors (2048K)
 Metaspace       used 23790K, committed 24000K, reserved 1073152K
  class space    used 2486K, committed 2560K, reserved 1048576K
}
Event: 7.929 GC heap before
{Heap before GC invocations=7 (full 0):
 garbage-first heap   total 47104K, used 33692K [0x00000000c2200000, 0x0000000100000000)
  region size 1024K, 23 young (23552K), 2 survivors (2048K)
 Metaspace       used 27704K, committed 27904K, reserved 1081344K
  class space    used 2885K, committed 2944K, reserved 1048576K
}
Event: 7.944 GC heap after
{Heap after GC invocations=8 (full 0):
 garbage-first heap   total 80896K, used 15619K [0x00000000c2200000, 0x0000000100000000)
  region size 1024K, 3 young (3072K), 3 survivors (3072K)
 Metaspace       used 27704K, committed 27904K, reserved 1081344K
  class space    used 2885K, committed 2944K, reserved 1048576K
}
Event: 10.906 GC heap before
{Heap before GC invocations=8 (full 0):
 garbage-first heap   total 80896K, used 42243K [0x00000000c2200000, 0x0000000100000000)
  region size 1024K, 30 young (30720K), 3 survivors (3072K)
 Metaspace       used 35242K, committed 35520K, reserved 1081344K
  class space    used 3872K, committed 4032K, reserved 1048576K
}
Event: 10.925 GC heap after
{Heap after GC invocations=9 (full 0):
 garbage-first heap   total 80896K, used 17667K [0x00000000c2200000, 0x0000000100000000)
  region size 1024K, 5 young (5120K), 5 survivors (5120K)
 Metaspace       used 35242K, committed 35520K, reserved 1081344K
  class space    used 3872K, committed 4032K, reserved 1048576K
}

Deoptimization events (20 events):
Event: 18.395 Thread 0x0000023e71153b50 DEOPT PACKING pc=0x0000023e62ddb3cc sp=0x00000081902fe990
Event: 18.395 Thread 0x0000023e71153b50 DEOPT UNPACKING pc=0x0000023e5b27d728 sp=0x00000081902fe948 mode 2
Event: 18.614 Thread 0x0000023e71153b50 Uncommon trap: trap_request=0xffffffde fr.pc=0x0000023e62dab06c relative=0x00000000000004ec
Event: 18.614 Thread 0x0000023e71153b50 Uncommon trap: reason=class_check action=maybe_recompile pc=0x0000023e62dab06c method=java.io.FilterInputStream.read([BII)I @ 7 c2
Event: 18.614 Thread 0x0000023e71153b50 DEOPT PACKING pc=0x0000023e62dab06c sp=0x00000081902fe700
Event: 18.614 Thread 0x0000023e71153b50 DEOPT UNPACKING pc=0x0000023e5b27d728 sp=0x00000081902fe6c8 mode 2
Event: 18.616 Thread 0x0000023e71153b50 Uncommon trap: trap_request=0xffffffde fr.pc=0x0000023e62d990d8 relative=0x00000000000004d8
Event: 18.616 Thread 0x0000023e71153b50 Uncommon trap: reason=class_check action=maybe_recompile pc=0x0000023e62d990d8 method=java.io.FilterInputStream.read()I @ 4 c2
Event: 18.616 Thread 0x0000023e71153b50 DEOPT PACKING pc=0x0000023e62d990d8 sp=0x00000081902fe9e0
Event: 18.616 Thread 0x0000023e71153b50 DEOPT UNPACKING pc=0x0000023e5b27d728 sp=0x00000081902fe9d0 mode 2
Event: 19.333 Thread 0x0000023e71153b50 Uncommon trap: trap_request=0xffffffde fr.pc=0x0000023e62dab06c relative=0x00000000000004ec
Event: 19.333 Thread 0x0000023e71153b50 Uncommon trap: reason=class_check action=maybe_recompile pc=0x0000023e62dab06c method=java.io.FilterInputStream.read([BII)I @ 7 c2
Event: 19.333 Thread 0x0000023e71153b50 DEOPT PACKING pc=0x0000023e62dab06c sp=0x00000081902fe770
Event: 19.333 Thread 0x0000023e71153b50 DEOPT UNPACKING pc=0x0000023e5b27d728 sp=0x00000081902fe738 mode 2
Event: 19.333 Thread 0x0000023e71153b50 Uncommon trap: trap_request=0xffffffde fr.pc=0x0000023e62d990d8 relative=0x00000000000004d8
Event: 19.333 Thread 0x0000023e71153b50 Uncommon trap: reason=class_check action=maybe_recompile pc=0x0000023e62d990d8 method=java.io.FilterInputStream.read()I @ 4 c2
Event: 19.333 Thread 0x0000023e71153b50 DEOPT PACKING pc=0x0000023e62d990d8 sp=0x00000081902fe9e0
Event: 19.333 Thread 0x0000023e71153b50 DEOPT UNPACKING pc=0x0000023e5b27d728 sp=0x00000081902fe9d0 mode 2
Event: 56.566 Thread 0x0000023e57cd03b0 DEOPT PACKING pc=0x0000023e5bce1d42 sp=0x000000818e2fbbb0
Event: 56.566 Thread 0x0000023e57cd03b0 DEOPT UNPACKING pc=0x0000023e5b27deaf sp=0x000000818e2fb0c0 mode 0

Classes unloaded (0 events):
No events

Classes redefined (0 events):
No events

Internal exceptions (20 events):
Event: 10.984 Thread 0x0000023e710b60b0 Exception <a 'java/lang/NoSuchMethodError'{0x00000000c6e35370}: 'void java.lang.invoke.DirectMethodHandle$Holder.invokeStatic(java.lang.Object, long)'> (0x00000000c6e35370) 
thrown [t:\workspace\open\src\hotspot\share\interpreter\linkResolver.cpp, line 790]
Event: 10.986 Thread 0x0000023e710b60b0 Exception <a 'java/lang/NoSuchMethodError'{0x00000000c6e3aac0}: 'java.lang.Object java.lang.invoke.DirectMethodHandle$Holder.newInvokeSpecial(java.lang.Object, long)'> (0x00000000c6e3aac0) 
thrown [t:\workspace\open\src\hotspot\share\interpreter\linkResolver.cpp, line 790]
Event: 10.991 Thread 0x0000023e710b60b0 Exception <a 'java/lang/NoSuchMethodError'{0x00000000c6e45210}: 'java.lang.Object java.lang.invoke.DirectMethodHandle$Holder.invokeStaticInit(java.lang.Object, java.lang.Object, long, java.lang.Object)'> (0x00000000c6e45210) 
thrown [t:\workspace\open\src\hotspot\share\interpreter\linkResolver.cpp, line 790]
Event: 10.993 Thread 0x0000023e710b60b0 Exception <a 'java/lang/NoSuchMethodError'{0x00000000c6e4b588}: 'java.lang.Object java.lang.invoke.DirectMethodHandle$Holder.newInvokeSpecial(java.lang.Object, java.lang.Object, long)'> (0x00000000c6e4b588) 
thrown [t:\workspace\open\src\hotspot\share\interpreter\linkResolver.cpp, line 790]
Event: 10.994 Thread 0x0000023e710b60b0 Exception <a 'java/lang/NoSuchMethodError'{0x00000000c6e4f2f8}: 'java.lang.Object java.lang.invoke.Invokers$Holder.linkToTargetMethod(java.lang.Object, long, java.lang.Object)'> (0x00000000c6e4f2f8) 
thrown [t:\workspace\open\src\hotspot\share\interpreter\linkResolver.cpp, line 790]
Event: 11.005 Thread 0x0000023e711545f0 Exception <a 'java/net/ConnectException'{0x00000000c6e033d0}: Connection refused: no further information> (0x00000000c6e033d0) 
thrown [t:\workspace\open\src\hotspot\share\prims\jni.cpp, line 600]
Event: 11.005 Thread 0x0000023e711545f0 Exception <a 'java/net/SocketException'{0x00000000c6e03708}: Socket is not connected: shutdown> (0x00000000c6e03708) 
thrown [t:\workspace\open\src\hotspot\share\prims\jni.cpp, line 600]
Event: 11.057 Thread 0x0000023e711545f0 Exception <a 'java/net/ConnectException'{0x00000000c6e046a0}: Connection refused: no further information> (0x00000000c6e046a0) 
thrown [t:\workspace\open\src\hotspot\share\prims\jni.cpp, line 600]
Event: 11.057 Thread 0x0000023e711545f0 Exception <a 'java/net/SocketException'{0x00000000c6e049d8}: Socket is not connected: shutdown> (0x00000000c6e049d8) 
thrown [t:\workspace\open\src\hotspot\share\prims\jni.cpp, line 600]
Event: 11.149 Thread 0x0000023e711545f0 Exception <a 'java/net/ConnectException'{0x00000000c6e05970}: Connection refused: no further information> (0x00000000c6e05970) 
thrown [t:\workspace\open\src\hotspot\share\prims\jni.cpp, line 600]
Event: 11.149 Thread 0x0000023e711545f0 Exception <a 'java/net/SocketException'{0x00000000c6e05ca8}: Socket is not connected: shutdown> (0x00000000c6e05ca8) 
thrown [t:\workspace\open\src\hotspot\share\prims\jni.cpp, line 600]
Event: 11.383 Thread 0x0000023e57cd03b0 Exception <a 'java/lang/NoSuchMethodError'{0x00000000c5e71cc0}: 'double java.lang.invoke.DirectMethodHandle$Holder.invokeVirtual(java.lang.Object, java.lang.Object)'> (0x00000000c5e71cc0) 
thrown [t:\workspace\open\src\hotspot\share\interpreter\linkResolver.cpp, line 790]
Event: 11.388 Thread 0x0000023e57cd03b0 Exception <a 'java/lang/NoSuchMethodError'{0x00000000c5e786d0}: 'float java.lang.invoke.DirectMethodHandle$Holder.invokeVirtual(java.lang.Object, java.lang.Object)'> (0x00000000c5e786d0) 
thrown [t:\workspace\open\src\hotspot\share\interpreter\linkResolver.cpp, line 790]
Event: 11.391 Thread 0x0000023e57cd03b0 Exception <a 'java/lang/NoSuchMethodError'{0x00000000c5e86ef0}: 'long java.lang.invoke.DirectMethodHandle$Holder.invokeVirtual(java.lang.Object, java.lang.Object)'> (0x00000000c5e86ef0) 
thrown [t:\workspace\open\src\hotspot\share\interpreter\linkResolver.cpp, line 790]
Event: 11.485 Thread 0x0000023e57cd03b0 Exception <a 'java/lang/NoSuchMethodError'{0x00000000c5de30d8}: 'void java.lang.invoke.DirectMethodHandle$Holder.invokeStatic(java.lang.Object, java.lang.Object, int)'> (0x00000000c5de30d8) 
thrown [t:\workspace\open\src\hotspot\share\interpreter\linkResolver.cpp, line 790]
Event: 11.550 Thread 0x0000023e57cd03b0 Exception <a 'java/lang/NoSuchMethodError'{0x00000000c5ca31d8}: 'java.lang.Object java.lang.invoke.DirectMethodHandle$Holder.newInvokeSpecial(java.lang.Object, java.lang.Object, java.lang.Object, java.lang.Object, java.lang.Object)'> (0x00000000c5ca31d8) 
thrown [t:\workspace\open\src\hotspot\share\interpreter\linkResolver.cpp, line 790]
Event: 11.614 Thread 0x0000023e57cd03b0 Exception <a 'java/lang/NoSuchMethodError'{0x00000000c5b7d4d8}: 'int java.lang.invoke.DirectMethodHandle$Holder.invokeSpecialIFC(java.lang.Object, java.lang.Object, java.lang.Object)'> (0x00000000c5b7d4d8) 
thrown [t:\workspace\open\src\hotspot\share\interpreter\linkResolver.cpp, line 790]
Event: 11.906 Thread 0x0000023e57cd03b0 Exception <a 'java/lang/NoSuchMethodError'{0x00000000c5880228}: 'void java.lang.invoke.DirectMethodHandle$Holder.invokeSpecial(java.lang.Object, java.lang.Object, java.lang.Object, java.lang.Object, java.lang.Object, java.lang.Object)'> (0x00000000c5880228) 
thrown [t:\workspace\open\src\hotspot\share\interpreter\linkResolver.cpp, line 790]
Event: 17.166 Thread 0x0000023e57cd03b0 Exception <a 'java/lang/NoSuchMethodError'{0x00000000c4be9268}: 'java.lang.Object java.lang.invoke.DirectMethodHandle$Holder.invokeSpecialIFC(java.lang.Object, java.lang.Object, java.lang.Object)'> (0x00000000c4be9268) 
thrown [t:\workspace\open\src\hotspot\share\interpreter\linkResolver.cpp, line 790]
Event: 17.228 Thread 0x0000023e57cd03b0 Exception <a 'java/lang/ClassNotFoundException'{0x00000000c4a6c5c0}: sun/util/logging/resources/spi/loggingProvider> (0x00000000c4a6c5c0) 
thrown [t:\workspace\open\src\hotspot\share\classfile\systemDictionary.cpp, line 256]

Events (20 events):
Event: 18.159 loading class java/util/Base64 done
Event: 18.159 loading class java/util/Base64$Encoder
Event: 18.160 loading class java/util/Base64$Encoder done
Event: 18.167 Thread 0x0000023e712c2580 Thread added: 0x0000023e712c2580
Event: 18.170 loading class java/util/concurrent/CompletableFuture$UniExceptionally
Event: 18.171 loading class java/util/concurrent/CompletableFuture$UniCompletion
Event: 18.171 loading class java/util/concurrent/CompletableFuture$UniCompletion done
Event: 18.171 loading class java/util/concurrent/CompletableFuture$UniExceptionally done
Event: 18.337 loading class java/util/stream/SortedOps$SizedRefSortingSink
Event: 18.337 loading class java/util/stream/SortedOps$SizedRefSortingSink done
Event: 18.408 Executing  VM operation: Cleanup
Event: 18.409 Executing  VM operation: Cleanup done
Event: 19.419 Executing  VM operation: Cleanup
Event: 19.419 Executing  VM operation: Cleanup done
Event: 56.177 loading class java/util/regex/Pattern$BnM
Event: 56.178 loading class java/util/regex/Pattern$BnM done
Event: 56.258 loading class jdk/internal/reflect/UnsafeLongFieldAccessorImpl
Event: 56.258 loading class jdk/internal/reflect/UnsafeLongFieldAccessorImpl done
Event: 56.533 loading class java/lang/annotation/ElementType
Event: 56.533 loading class java/lang/annotation/ElementType done


Dynamic libraries:
0x00007ff6c2910000 - 0x00007ff6c291e000 	C:\eclipse\plugins\org.eclipse.justj.openjdk.hotspot.jre.full.win32.x86_64_16.0.1.v20210528-1205\jre\bin\javaw.exe
0x00007ffb95e50000 - 0x00007ffb96048000 	C:\WINDOWS\SYSTEM32\ntdll.dll
0x00007ffb95140000 - 0x00007ffb951fd000 	C:\WINDOWS\System32\KERNEL32.DLL
0x00007ffb937e0000 - 0x00007ffb93aae000 	C:\WINDOWS\System32\KERNELBASE.dll
0x00007ffb93570000 - 0x00007ffb93670000 	C:\WINDOWS\System32\ucrtbase.dll
0x00007ffb8c560000 - 0x00007ffb8c578000 	C:\eclipse\plugins\org.eclipse.justj.openjdk.hotspot.jre.full.win32.x86_64_16.0.1.v20210528-1205\jre\bin\jli.dll
0x00007ffb94ea0000 - 0x00007ffb95040000 	C:\WINDOWS\System32\USER32.dll
0x00007ffb93cd0000 - 0x00007ffb93cf2000 	C:\WINDOWS\System32\win32u.dll
0x00007ffb95aa0000 - 0x00007ffb95aca000 	C:\WINDOWS\System32\GDI32.dll
0x00007ffb93d00000 - 0x00007ffb93e0b000 	C:\WINDOWS\System32\gdi32full.dll
0x00007ffb93e10000 - 0x00007ffb93ead000 	C:\WINDOWS\System32\msvcp_win.dll
0x00007ffb8c540000 - 0x00007ffb8c559000 	C:\eclipse\plugins\org.eclipse.justj.openjdk.hotspot.jre.full.win32.x86_64_16.0.1.v20210528-1205\jre\bin\VCRUNTIME140.dll
0x00007ffb77620000 - 0x00007ffb778ba000 	C:\WINDOWS\WinSxS\amd64_microsoft.windows.common-controls_6595b64144ccf1df_6.0.19041.1110_none_60b5254171f9507e\COMCTL32.dll
0x00007ffb95950000 - 0x00007ffb959ee000 	C:\WINDOWS\System32\msvcrt.dll
0x00007ffb95d70000 - 0x00007ffb95da0000 	C:\WINDOWS\System32\IMM32.DLL
0x00007ffb8c530000 - 0x00007ffb8c53c000 	C:\eclipse\plugins\org.eclipse.justj.openjdk.hotspot.jre.full.win32.x86_64_16.0.1.v20210528-1205\jre\bin\vcruntime140_1.dll
0x00007ffb84220000 - 0x00007ffb842b1000 	C:\eclipse\plugins\org.eclipse.justj.openjdk.hotspot.jre.full.win32.x86_64_16.0.1.v20210528-1205\jre\bin\msvcp140.dll
0x00007ffb42b60000 - 0x00007ffb4370b000 	C:\eclipse\plugins\org.eclipse.justj.openjdk.hotspot.jre.full.win32.x86_64_16.0.1.v20210528-1205\jre\bin\server\jvm.dll
0x00007ffb959f0000 - 0x00007ffb95a9e000 	C:\WINDOWS\System32\ADVAPI32.dll
0x00007ffb93eb0000 - 0x00007ffb93f4c000 	C:\WINDOWS\System32\sechost.dll
0x00007ffb94720000 - 0x00007ffb94845000 	C:\WINDOWS\System32\RPCRT4.dll
0x00007ffb949c0000 - 0x00007ffb949c8000 	C:\WINDOWS\System32\PSAPI.DLL
0x00007ffb7bd10000 - 0x00007ffb7bd19000 	C:\WINDOWS\SYSTEM32\WSOCK32.dll
0x00007ffb950a0000 - 0x00007ffb9510b000 	C:\WINDOWS\System32\WS2_32.dll
0x00007ffb775f0000 - 0x00007ffb77617000 	C:\WINDOWS\SYSTEM32\WINMM.dll
0x00007ffb86130000 - 0x00007ffb8613a000 	C:\WINDOWS\SYSTEM32\VERSION.dll
0x00007ffb91df0000 - 0x00007ffb91e02000 	C:\WINDOWS\SYSTEM32\kernel.appcore.dll
0x00007ffb8df40000 - 0x00007ffb8df4a000 	C:\eclipse\plugins\org.eclipse.justj.openjdk.hotspot.jre.full.win32.x86_64_16.0.1.v20210528-1205\jre\bin\jimage.dll
0x00007ffb91af0000 - 0x00007ffb91cd4000 	C:\WINDOWS\SYSTEM32\DBGHELP.DLL
0x00007ffb86400000 - 0x00007ffb8642c000 	C:\WINDOWS\SYSTEM32\dbgcore.DLL
0x00007ffb93ab0000 - 0x00007ffb93b32000 	C:\WINDOWS\System32\bcryptPrimitives.dll
0x00007ffb8df10000 - 0x00007ffb8df35000 	C:\eclipse\plugins\org.eclipse.justj.openjdk.hotspot.jre.full.win32.x86_64_16.0.1.v20210528-1205\jre\bin\java.dll
0x00007ffb8def0000 - 0x00007ffb8df08000 	C:\eclipse\plugins\org.eclipse.justj.openjdk.hotspot.jre.full.win32.x86_64_16.0.1.v20210528-1205\jre\bin\zip.dll
0x00007ffb95200000 - 0x00007ffb95943000 	C:\WINDOWS\System32\SHELL32.dll
0x00007ffb91350000 - 0x00007ffb91ae5000 	C:\WINDOWS\SYSTEM32\windows.storage.dll
0x00007ffb943c0000 - 0x00007ffb94714000 	C:\WINDOWS\System32\combase.dll
0x00007ffb92fd0000 - 0x00007ffb93000000 	C:\WINDOWS\SYSTEM32\Wldp.dll
0x00007ffb948b0000 - 0x00007ffb9495d000 	C:\WINDOWS\System32\SHCORE.dll
0x00007ffb94850000 - 0x00007ffb948a5000 	C:\WINDOWS\System32\shlwapi.dll
0x00007ffb934b0000 - 0x00007ffb934cf000 	C:\WINDOWS\SYSTEM32\profapi.dll
0x00007ffb8d150000 - 0x00007ffb8d169000 	C:\eclipse\plugins\org.eclipse.justj.openjdk.hotspot.jre.full.win32.x86_64_16.0.1.v20210528-1205\jre\bin\net.dll
0x00007ffb862c0000 - 0x00007ffb863ca000 	C:\WINDOWS\SYSTEM32\WINHTTP.dll
0x00007ffb92d30000 - 0x00007ffb92d9a000 	C:\WINDOWS\system32\mswsock.dll
0x00007ffb8d130000 - 0x00007ffb8d143000 	C:\eclipse\plugins\org.eclipse.justj.openjdk.hotspot.jre.full.win32.x86_64_16.0.1.v20210528-1205\jre\bin\nio.dll
0x00007ffb92a10000 - 0x00007ffb92ada000 	C:\WINDOWS\SYSTEM32\DNSAPI.dll
0x00007ffb929d0000 - 0x00007ffb92a0b000 	C:\WINDOWS\SYSTEM32\IPHLPAPI.DLL
0x00007ffb95e00000 - 0x00007ffb95e08000 	C:\WINDOWS\System32\NSI.dll
0x00007ffb80e40000 - 0x00007ffb80e4a000 	C:\Windows\System32\rasadhlp.dll
0x00007ffb81880000 - 0x00007ffb81900000 	C:\WINDOWS\System32\fwpuclnt.dll
0x00007ffb93ca0000 - 0x00007ffb93cc7000 	C:\WINDOWS\System32\bcrypt.dll
0x00007ffb92f20000 - 0x00007ffb92f38000 	C:\WINDOWS\SYSTEM32\CRYPTSP.dll
0x00007ffb92640000 - 0x00007ffb92674000 	C:\WINDOWS\system32\rsaenh.dll
0x00007ffb93430000 - 0x00007ffb9345e000 	C:\WINDOWS\SYSTEM32\USERENV.dll
0x00007ffb92f40000 - 0x00007ffb92f4c000 	C:\WINDOWS\SYSTEM32\CRYPTBASE.dll
0x00007ffb83360000 - 0x00007ffb83377000 	C:\WINDOWS\SYSTEM32\dhcpcsvc6.DLL
0x00007ffb86140000 - 0x00007ffb8615d000 	C:\WINDOWS\SYSTEM32\dhcpcsvc.DLL
0x00007ffb8d590000 - 0x00007ffb8d5a0000 	C:\eclipse\plugins\org.eclipse.justj.openjdk.hotspot.jre.full.win32.x86_64_16.0.1.v20210528-1205\jre\bin\verify.dll
0x00007ffb8cfe0000 - 0x00007ffb8cfee000 	C:\eclipse\plugins\org.eclipse.justj.openjdk.hotspot.jre.full.win32.x86_64_16.0.1.v20210528-1205\jre\bin\sunmscapi.dll
0x00007ffb93b40000 - 0x00007ffb93c96000 	C:\WINDOWS\System32\CRYPT32.dll
0x00007ffb93040000 - 0x00007ffb93067000 	C:\WINDOWS\SYSTEM32\ncrypt.dll
0x00007ffb93000000 - 0x00007ffb9303b000 	C:\WINDOWS\SYSTEM32\NTASN1.dll
0x00007ffb8d120000 - 0x00007ffb8d129000 	C:\eclipse\plugins\org.eclipse.justj.openjdk.hotspot.jre.full.win32.x86_64_16.0.1.v20210528-1205\jre\bin\management.dll
0x00007ffb8d0f0000 - 0x00007ffb8d0fb000 	C:\eclipse\plugins\org.eclipse.justj.openjdk.hotspot.jre.full.win32.x86_64_16.0.1.v20210528-1205\jre\bin\management_ext.dll
0x00007ffb8c4b0000 - 0x00007ffb8c4b7000 	C:\WINDOWS\system32\wshunix.dll
0x00007ffb7c160000 - 0x00007ffb7c177000 	C:\WINDOWS\system32\napinsp.dll
0x00007ffb7c140000 - 0x00007ffb7c15b000 	C:\WINDOWS\system32\pnrpnsp.dll
0x00007ffb7c120000 - 0x00007ffb7c135000 	C:\WINDOWS\system32\wshbth.dll
0x00007ffb86950000 - 0x00007ffb8696d000 	C:\WINDOWS\system32\NLAapi.dll
0x00007ffb7bcf0000 - 0x00007ffb7bd02000 	C:\WINDOWS\System32\winrnr.dll

dbghelp: loaded successfully - version: 4.0.5 - missing functions: none
symbol engine: initialized successfully - sym options: 0x614 - pdb path: .;C:\eclipse\plugins\org.eclipse.justj.openjdk.hotspot.jre.full.win32.x86_64_16.0.1.v20210528-1205\jre\bin;C:\WINDOWS\SYSTEM32;C:\WINDOWS\WinSxS\amd64_microsoft.windows.common-controls_6595b64144ccf1df_6.0.19041.1110_none_60b5254171f9507e;C:\eclipse\plugins\org.eclipse.justj.openjdk.hotspot.jre.full.win32.x86_64_16.0.1.v20210528-1205\jre\bin\server

VM Arguments:
jvm_args: -ea -Dfile.encoding=Cp1252 -XX:+ShowCodeDetailsInExceptionMessages 
java_command: org.testng.remote.RemoteTestNG -serport 56561 -protocol json -d C:\eclipseTYSS\SELENIUM WORKSPACE\FlipKartAddToCart\test-output C:\Users\avula\AppData\Local\Temp\testng-eclipse-259037791\testng-customsuite.xml
java_class_path (initial): C:\eclipse\configuration\org.eclipse.osgi\442\0\.cp\lib\testng-remote.jar;C:\eclipseTYSS\SELENIUM WORKSPACE\FlipKartAddToCart\target\test-classes;C:\eclipseTYSS\SELENIUM WORKSPACE\FlipKartAddToCart\target\classes;C:\eclipse\plugins\org.testng_7.4.0.r202105021533.jar;C:\eclipse\plugins\com.beust.jcommander_1.78.0.jar;C:\eclipse\plugins\org.apache-extras.beanshell.bsh_2.0.0.b6.jar;C:\eclipse\plugins\org.yaml.snakeyaml_1.21.0.jar;C:\eclipse\plugins\org.webjars.jquery_3.5.1.jar;C:\Users\avula\.m2\repository\org\seleniumhq\selenium\selenium-java\4.2.2\selenium-java-4.2.2.jar;C:\Users\avula\.m2\repository\org\seleniumhq\selenium\selenium-api\4.2.2\selenium-api-4.2.2.jar;C:\Users\avula\.m2\repository\org\seleniumhq\selenium\selenium-chrome-driver\4.2.2\selenium-chrome-driver-4.2.2.jar;C:\Users\avula\.m2\repository\com\google\auto\service\auto-service-annotations\1.0.1\auto-service-annotations-1.0.1.jar;C:\Users\avula\.m2\repository\com\google\auto\service\auto-service\1.0.1\auto-service-1.0.1.jar;C:\Users\avula\.m2\repository\com\google\auto\auto-common\1.2\auto-common-1.2.jar;C:\Users\avula\.m2\repository\com\google\guava\guava\31.1-jre\guava-31.1-jre.jar;C:\Users\avula\.m2\repository\com\google\guava\failureaccess\1.0.1\failureaccess-1.0.1.jar;C:\Users\avula\.m2\repository\com\google\guava\listenablefuture\9999.0-empty-to-avoid-conflict-with-guava\listenablefuture-9999.0-empty-to-avoid-conflict-with-guava.jar;C:\Users\avula\.m2\repository\com\google\code\findbugs\jsr305\3.0.2\jsr305-3.0.2.jar;C:\Users\avula\.m2\repository\org\checkerframework\checker-qual\3.12.0\checker-qual-3.12.0.jar;C:\Users\avula\.m2\repository\com\google\errorprone\error_prone_annotations\2.11.0\error_prone_annotations-2.11.0.jar;C:\Users\avula\.m2\repository\com\google\j2objc\j2objc-annotations\1.3\j2objc-annotations-1.3.jar;C:\Users\avula\.m2\repository\org\seleniumhq\selenium\selenium-chromium-driver\4.2.2\selenium-chromium-driver-4.2.2.jar;C:\Users\avula\.m2\reposito
Launcher Type: SUN_STANDARD

[Global flags]
     intx CICompilerCount                          = 2                                         {product} {ergonomic}
     uint ConcGCThreads                            = 1                                         {product} {ergonomic}
     uint G1ConcRefinementThreads                  = 2                                         {product} {ergonomic}
   size_t G1HeapRegionSize                         = 1048576                                   {product} {ergonomic}
    uintx GCDrainStackTargetSize                   = 64                                        {product} {ergonomic}
   size_t InitialHeapSize                          = 65011712                                  {product} {ergonomic}
   size_t MarkStackSize                            = 4194304                                   {product} {ergonomic}
   size_t MaxHeapSize                              = 1038090240                                {product} {ergonomic}
   size_t MaxNewSize                               = 622854144                                 {product} {ergonomic}
   size_t MinHeapDeltaBytes                        = 1048576                                   {product} {ergonomic}
   size_t MinHeapSize                              = 8388608                                   {product} {ergonomic}
    uintx NonNMethodCodeHeapSize                   = 5826188                                {pd product} {ergonomic}
    uintx NonProfiledCodeHeapSize                  = 122916026                              {pd product} {ergonomic}
    uintx ProfiledCodeHeapSize                     = 122916026                              {pd product} {ergonomic}
    uintx ReservedCodeCacheSize                    = 251658240                              {pd product} {ergonomic}
     bool SegmentedCodeCache                       = true                                      {product} {ergonomic}
     bool ShowCodeDetailsInExceptionMessages       = true                                   {manageable} {command line}
   size_t SoftMaxHeapSize                          = 1038090240                             {manageable} {ergonomic}
     bool UseCompressedClassPointers               = true                           {product lp64_product} {ergonomic}
     bool UseCompressedOops                        = true                           {product lp64_product} {ergonomic}
     bool UseG1GC                                  = true                                      {product} {ergonomic}
     bool UseLargePagesIndividualAllocation        = false                                  {pd product} {ergonomic}

Logging:
Log output configuration:
 #0: stdout all=warning uptime,level,tags
 #1: stderr all=off uptime,level,tags

Environment Variables:
JAVA_HOME=C:\Program Files\Java\jdk1.8.0_201
PATH=C:/eclipse//plugins/org.eclipse.justj.openjdk.hotspot.jre.full.win32.x86_64_16.0.1.v20210528-1205/jre/bin/server;C:/eclipse//plugins/org.eclipse.justj.openjdk.hotspot.jre.full.win32.x86_64_16.0.1.v20210528-1205/jre/bin;C:\Program Files (x86)\Common Files\Oracle\Java\javapath;C:\Program Files\Common Files\Oracle\Java\javapath;C:\oracle\product\10.2.0\db_1\bin;C:\WINDOWS\system32;C:\WINDOWS;C:\WINDOWS\System32\Wbem;C:\WINDOWS\System32\WindowsPowerShell\v1.0\;C:\WINDOWS\System32\OpenSSH\;C:\Program Files\Java\jdk1.8.0_201\bin;C:\Users\avula\Desktop\TEST-YANTRA- softwares\apache-maven-3.8.4\bin;C:\Program Files\Git\cmd;C:\Program Files\nodejs\;C:\Users\avula\AppData\Local\Android\Sdk\platform-tools;C:\Users\avula\AppData\Local\Programs\Microsoft VS Code\bin;C:\Program Files\Java\jdk1.8.0_201\bin;C:\Users\avula\AppData\Roaming\npm;C:\eclipse;
USERNAME=avula
OS=Windows_NT
PROCESSOR_IDENTIFIER=Intel64 Family 6 Model 92 Stepping 9, GenuineIntel



---------------  S Y S T E M  ---------------

OS:
 Windows 10 , 64 bit Build 19041 (10.0.19041.1889)
OS uptime: 0 days 17:09 hours

CPU: total 2 (initial active 2) (2 cores per cpu, 1 threads per core) family 6 model 92 stepping 9 microcode 0x40, cx8, cmov, fxsr, mmx, 3dnowpref, sse, sse2, sse3, ssse3, sse4.1, sse4.2, popcnt, tsc, tscinvbit, aes, erms, clmul, sha, clflush, clflushopt

Memory: 4k page, system-wide physical 3959M (278M free)
TotalPageFile size 8127M (AvailPageFile size 20M)
current process WorkingSet (physical memory assigned to process): 179M, peak: 195M
current process commit charge ("private bytes"): 202M, peak: 218M

vm_info: OpenJDK 64-Bit Server VM (16.0.1+9-24) for windows-amd64 JRE (16.0.1+9-24), built on Mar 26 2021 19:30:07 by "mach5one" with MS VC++ 16.7 (VS2019)

END.
